  Source.cpp
C:\Users\User\Documents\1. Study\20T2\GAD173\LevelEditor\Platformer\Editor.h(73,25): warning C4244: 'argument': conversion from 'int' to 'float', possible loss of data
C:\Users\User\Documents\1. Study\20T2\GAD173\LevelEditor\Platformer\Editor.h(73,22): warning C4244: 'argument': conversion from 'int' to 'float', possible loss of data
C:\Users\User\Documents\1. Study\20T2\GAD173\LevelEditor\Platformer\Editor.h(158,25): warning C4244: 'argument': conversion from 'int' to 'float', possible loss of data
C:\Users\User\Documents\1. Study\20T2\GAD173\LevelEditor\Platformer\Editor.h(158,22): warning C4244: 'argument': conversion from 'int' to 'float', possible loss of data
C:\Users\User\Documents\1. Study\20T2\GAD173\LevelEditor\Platformer\Editor.h(477,24): warning C4018: '<': signed/unsigned mismatch
C:\Users\User\Documents\1. Study\20T2\GAD173\LevelEditor\Platformer\Editor.h(509,21): warning C4018: '<': signed/unsigned mismatch
C:\Users\User\Documents\1. Study\20T2\GAD173\LevelEditor\Platformer\Editor.h(525,21): warning C4018: '<': signed/unsigned mismatch
C:\Users\User\Documents\1. Study\20T2\GAD173\LevelEditor\Platformer\Editor.h(541,21): warning C4018: '<': signed/unsigned mismatch
C:\Users\User\Documents\1. Study\20T2\GAD173\LevelEditor\Platformer\Editor.h(557,21): warning C4018: '<': signed/unsigned mismatch
C:\Users\User\Documents\1. Study\20T2\GAD173\LevelEditor\Platformer\Editor.h(573,21): warning C4018: '<': signed/unsigned mismatch
C:\Users\User\Documents\1. Study\20T2\GAD173\LevelEditor\Platformer\Source.cpp(15,21): warning C4129: '.': unrecognized character escape sequence
C:\Users\User\Documents\1. Study\20T2\GAD173\LevelEditor\Platformer\Source.cpp(116,86): warning C4244: 'argument': conversion from 'const int' to 'T', possible loss of data
          with
          [
              T=float
          ]
C:\Users\User\Documents\1. Study\20T2\GAD173\LevelEditor\Platformer\Source.cpp(118,81): warning C4244: 'argument': conversion from 'const int' to 'T', possible loss of data
          with
          [
              T=float
          ]
C:\Users\User\Documents\1. Study\20T2\GAD173\LevelEditor\Platformer\Source.cpp(118,57): warning C4244: 'argument': conversion from 'const int' to 'T', possible loss of data
          with
          [
              T=float
          ]
  Platformer.vcxproj -> C:\Users\User\Documents\1. Study\20T2\GAD173\LevelEditor\Debug\Platformer.exe
